#
# There is insufficient memory for the Java Runtime Environment to continue.
# Native memory allocation (malloc) failed to allocate 32744 bytes for ChunkPool::allocate
# Possible reasons:
#   The system is out of physical RAM or swap space
#   The process is running with CompressedOops enabled, and the Java Heap may be blocking the growth of the native heap
# Possible solutions:
#   Reduce memory load on the system
#   Increase physical memory or swap space
#   Check if swap backing store is full
#   Decrease Java heap size (-Xmx/-Xms)
#   Decrease number of Java threads
#   Decrease Java thread stack sizes (-Xss)
#   Set larger code cache with -XX:ReservedCodeCacheSize=
#   JVM is running with Unscaled Compressed Oops mode in which the Java heap is
#     placed in the first 4GB address space. The Java Heap base address is the
#     maximum limit for the native heap growth. Please use -XX:HeapBaseMinAddress
#     to set the Java Heap base and to place the Java Heap above 4GB virtual address.
# This output file may be truncated or incomplete.
#
#  Out of Memory Error (allocation.cpp:272), pid=8656, tid=0x0000000000000ce0
#
# JRE version: OpenJDK Runtime Environment (8.0_242-b01) (build 1.8.0_242-release-1644-b01)
# Java VM: OpenJDK 64-Bit Server VM (25.242-b01 mixed mode windows-amd64 compressed oops)
# Failed to write core dump. Minidumps are not enabled by default on client versions of Windows
#

---------------  T H R E A D  ---------------

Current thread (0x0000000017628000):  JavaThread "C2 CompilerThread0" daemon [_thread_in_native, id=3296, stack(0x0000000018ca0000,0x0000000018da0000)]

Stack: [0x0000000018ca0000,0x0000000018da0000]
[error occurred during error reporting (printing stack bounds), id 0xc0000005]

Native frames: (J=compiled Java code, j=interpreted, Vv=VM code, C=native code)


Current CompileTask:
C2: 271987 13594       4       com.android.tools.r8.dex.n::a (1022 bytes)


---------------  P R O C E S S  ---------------

Java Threads: ( => current thread )
  0x000000001e374800 JavaThread "ForkJoinPool-1-worker-0" daemon [_thread_blocked, id=13696, stack(0x00000000275e0000,0x00000000276e0000)]
  0x000000001e36b000 JavaThread "ForkJoinPool-1-worker-3" daemon [_thread_blocked, id=13712, stack(0x00000000274e0000,0x00000000275e0000)]
  0x000000001e371000 JavaThread "ForkJoinPool-1-worker-2" daemon [_thread_blocked, id=196, stack(0x00000000273e0000,0x00000000274e0000)]
  0x000000001e369800 JavaThread "ForkJoinPool-1-worker-1" daemon [_thread_blocked, id=6188, stack(0x00000000272e0000,0x00000000273e0000)]
  0x000000001e370000 JavaThread "WorkerExecutor Queue Thread 4" [_thread_blocked, id=2872, stack(0x0000000025700000,0x0000000025800000)]
  0x000000001e368800 JavaThread "WorkerExecutor Queue Thread 3" [_thread_in_Java, id=13392, stack(0x00000000266c0000,0x00000000267c0000)]
  0x000000001e367000 JavaThread "WorkerExecutor Queue Thread 2" [_thread_blocked, id=9592, stack(0x00000000265c0000,0x00000000266c0000)]
  0x000000001e36d000 JavaThread "WorkerExecutor Queue" [_thread_blocked, id=8732, stack(0x00000000264c0000,0x00000000265c0000)]
  0x000000001e36c800 JavaThread "ForkJoinPool.commonPool-worker-2" daemon [_thread_blocked, id=13620, stack(0x0000000025f50000,0x0000000026050000)]
  0x000000001e36e000 JavaThread "Cache worker for Java compile cache (C:\Android_ALL\project_X\.gradle\6.1.1\javaCompile)" [_thread_blocked, id=3768, stack(0x0000000025950000,0x0000000025a50000)]
  0x000000001dfb2800 JavaThread "Cache worker for Java compile cache (C:\Users\acer\.gradle\caches\6.1.1\javaCompile)" [_thread_blocked, id=14032, stack(0x0000000025850000,0x0000000025950000)]
  0x000000001dfae800 JavaThread "Cache worker for execution history cache (C:\Android_ALL\project_X\.gradle\6.1.1\executionHistory)" [_thread_blocked, id=8456, stack(0x0000000025600000,0x0000000025700000)]
  0x000000001dfaf800 JavaThread "Execution worker for ':' Thread 3" [_thread_blocked, id=3980, stack(0x0000000024f00000,0x0000000025000000)]
  0x000000001ec66800 JavaThread "Execution worker for ':' Thread 2" [_thread_blocked, id=9136, stack(0x0000000024c00000,0x0000000024d00000)]
  0x000000001ec65000 JavaThread "Execution worker for ':'" [_thread_blocked, id=13552, stack(0x00000000242c0000,0x00000000243c0000)]
  0x000000001ec63800 JavaThread "Cache worker for file content cache (C:\Android_ALL\project_X\.gradle\6.1.1\fileContent)" [_thread_blocked, id=11856, stack(0x0000000022a80000,0x0000000022b80000)]
  0x000000001ec65800 JavaThread "Cache worker for Build Output Cleanup Cache (C:\Android_ALL\project_X\.gradle\buildOutputCleanup)" [_thread_blocked, id=12700, stack(0x0000000022080000,0x0000000022180000)]
  0x000000001ec68000 JavaThread "Build operations Thread 4" [_thread_blocked, id=12856, stack(0x0000000021f80000,0x0000000022080000)]
  0x000000001ec62000 JavaThread "Build operations Thread 3" [_thread_blocked, id=14052, stack(0x000000001fc70000,0x000000001fd70000)]
  0x000000001ec62800 JavaThread "Build operations Thread 2" [_thread_blocked, id=2452, stack(0x000000001fb70000,0x000000001fc70000)]
  0x000000001ec64000 JavaThread "Build operations" [_thread_blocked, id=424, stack(0x000000001fa70000,0x000000001fb70000)]
  0x000000001ec5c000 JavaThread "Cache worker for cache directory md-rule (C:\Users\acer\.gradle\caches\6.1.1\md-rule)" [_thread_blocked, id=13736, stack(0x000000001f970000,0x000000001fa70000)]
  0x000000001ec5b000 JavaThread "Cache worker for cache directory md-supplier (C:\Users\acer\.gradle\caches\6.1.1\md-supplier)" [_thread_blocked, id=9976, stack(0x000000001ced0000,0x000000001cfd0000)]
  0x000000001ec5a800 JavaThread "Cache worker for file hash cache (C:\Android_ALL\project_X\.gradle\6.1.1\fileHashes)" [_thread_blocked, id=12324, stack(0x000000001cdd0000,0x000000001ced0000)]
  0x000000001ec61000 JavaThread "Cache worker for checksums cache (C:\Android_ALL\project_X\.gradle\checksums)" [_thread_blocked, id=10008, stack(0x000000001ccd0000,0x000000001cdd0000)]
  0x000000001ec59800 JavaThread "Thread-56" [_thread_blocked, id=7944, stack(0x000000001cbd0000,0x000000001ccd0000)]
  0x000000001ec5f800 JavaThread "Stdin handler" [_thread_blocked, id=8320, stack(0x000000001cad0000,0x000000001cbd0000)]
  0x000000001ec5f000 JavaThread "Asynchronous log dispatcher for DefaultDaemonConnection: socket connection from /127.0.0.1:57827 to /127.0.0.1:57904" [_thread_blocked, id=7212, stack(0x000000001c7d0000,0x000000001c8d0000)]
  0x000000001ec5e000 JavaThread "Daemon worker Thread 3" [_thread_blocked, id=13512, stack(0x000000001c6d0000,0x000000001c7d0000)]
  0x000000001af5a000 JavaThread "Cancel handler" [_thread_blocked, id=14060, stack(0x0000000000dd0000,0x0000000000ed0000)]
  0x000000001af5e000 JavaThread "Handler for socket connection from /127.0.0.1:57827 to /127.0.0.1:57904" [_thread_in_native, id=13076, stack(0x0000000000cd0000,0x0000000000dd0000)]
  0x000000001af5d000 JavaThread "Daemon Thread 3" [_thread_blocked, id=13240, stack(0x0000000000bd0000,0x0000000000cd0000)]
  0x000000001ec5c800 JavaThread "Cache worker for file content cache (C:\Users\acer\.gradle\caches\6.1.1\fileContent)" [_thread_blocked, id=11764, stack(0x00000000241c0000,0x00000000242c0000)]
  0x000000001dfb1800 JavaThread "Memory manager" [_thread_blocked, id=13616, stack(0x0000000022980000,0x0000000022a80000)]
  0x000000001af5e800 JavaThread "Cache worker for execution history cache (C:\Users\acer\.gradle\caches\6.1.1\executionHistory)" [_thread_blocked, id=10232, stack(0x000000001fdd0000,0x000000001fed0000)]
  0x000000001af5b800 JavaThread "Cache worker for file hash cache (C:\Users\acer\.gradle\caches\6.1.1\fileHashes)" [_thread_blocked, id=5876, stack(0x000000001d3d0000,0x000000001d4d0000)]
  0x000000001af5b000 JavaThread "File lock request listener" [_thread_in_native, id=14196, stack(0x000000001d2d0000,0x000000001d3d0000)]
  0x000000001a801800 JavaThread "Cache worker for journal cache (C:\Users\acer\.gradle\caches\journal-1)" [_thread_blocked, id=13604, stack(0x000000001d1d0000,0x000000001d2d0000)]
  0x000000001aeb0000 JavaThread "Daemon periodic checks" [_thread_blocked, id=4028, stack(0x000000001c5d0000,0x000000001c6d0000)]
  0x000000001aec1800 JavaThread "Incoming local TCP Connector on port 57827" [_thread_in_native, id=11384, stack(0x000000001c380000,0x000000001c480000)]
  0x000000001ad68800 JavaThread "Daemon health stats" [_thread_blocked, id=1576, stack(0x000000001bd40000,0x000000001be40000)]
  0x0000000018fe0000 JavaThread "Service Thread" daemon [_thread_blocked, id=6432, stack(0x00000000193a0000,0x00000000194a0000)]
  0x0000000017639000 JavaThread "C1 CompilerThread2" daemon [_thread_blocked, id=5908, stack(0x0000000018ea0000,0x0000000018fa0000)]
  0x000000001762c800 JavaThread "C2 CompilerThread1" daemon [_thread_in_native, id=2240, stack(0x0000000018da0000,0x0000000018ea0000)]
=>0x0000000017628000 JavaThread "C2 CompilerThread0" daemon [_thread_in_native, id=3296, stack(0x0000000018ca0000,0x0000000018da0000)]
  0x0000000017626800 JavaThread "Attach Listener" daemon [_thread_blocked, id=13744, stack(0x0000000018ba0000,0x0000000018ca0000)]
  0x0000000017625800 JavaThread "Signal Dispatcher" daemon [_thread_blocked, id=12252, stack(0x0000000018aa0000,0x0000000018ba0000)]
  0x00000000029fc000 JavaThread "Finalizer" daemon [_thread_blocked, id=11728, stack(0x0000000018890000,0x0000000018990000)]
  0x00000000029f3000 JavaThread "Reference Handler" daemon [_thread_blocked, id=6072, stack(0x0000000018790000,0x0000000018890000)]
  0x0000000000f2e800 JavaThread "main" [_thread_blocked, id=13600, stack(0x0000000002720000,0x0000000002820000)]

Other Threads:
  0x00000000175e6800 VMThread [stack: 0x0000000018690000,0x0000000018790000] [id=8372]
  0x000000001767b000 WatcherThread [stack: 0x00000000194a0000,0x00000000195a0000] [id=5176]

VM state:not at safepoint (normal execution)

VM Mutex/Monitor currently owned by a thread: None

heap address: 0x0000000080000000, size: 2048 MB, Compressed Oops mode: 32-bit
Narrow klass base: 0x0000000000000000, Narrow klass shift: 3
Compressed class space size: 1073741824 Address: 0x0000000100000000

Heap:
 PSYoungGen      total 321024K, used 71998K [0x00000000d5580000, 0x00000000f1980000, 0x0000000100000000)
  eden space 290816K, 23% used [0x00000000d5580000,0x00000000d97d9e28,0x00000000e7180000)
  from space 30208K, 13% used [0x00000000e7180000,0x00000000e7575c80,0x00000000e8f00000)
  to   space 50176K, 0% used [0x00000000ee880000,0x00000000ee880000,0x00000000f1980000)
 ParOldGen       total 103424K, used 103384K [0x0000000080000000, 0x0000000086500000, 0x00000000d5580000)
  object space 103424K, 99% used [0x0000000080000000,0x00000000864f6088,0x0000000086500000)
 Metaspace       used 88381K, capacity 92678K, committed 93224K, reserved 1130496K
  class space    used 11873K, capacity 12730K, committed 12848K, reserved 1048576K

Card table byte_map: [0x0000000011dc0000,0x00000000121d0000] byte_map_base: 0x00000000119c0000

Marking Bits: (ParMarkBitMap*) 0x000000005147f030
 Begin Bits: [0x0000000012880000, 0x0000000014880000)
 End Bits:   [0x0000000014880000, 0x0000000016880000)

Polling page: 0x0000000000ee0000

CodeCache: size=245760Kb used=37319Kb max_used=37319Kb free=208440Kb
 bounds [0x0000000002a00000, 0x0000000004ea0000, 0x0000000011a00000]
 total_blobs=12718 nmethods=11855 adapters=775
 compilation: enabled

Compilation events (10 events):
Event: 271.837 Thread 0x0000000017639000 nmethod 13834 0x0000000004e75ed0 code [0x0000000004e760a0, 0x0000000004e766a8]
Event: 271.837 Thread 0x0000000017639000 13835       2       com.android.tools.r8.code.W::a (11 bytes)
Event: 271.837 Thread 0x0000000017639000 nmethod 13835 0x0000000004e75b10 code [0x0000000004e75c80, 0x0000000004e75e08]
Event: 271.846 Thread 0x0000000017639000 13836       2       com.android.tools.r8.code.a2::a (1 bytes)
Event: 271.847 Thread 0x0000000017639000 nmethod 13836 0x0000000004e757d0 code [0x0000000004e75920, 0x0000000004e75a70]
Event: 271.857 Thread 0x0000000017639000 13839       2       com.android.tools.r8.code.W0::a (1 bytes)
Event: 271.859 Thread 0x0000000017639000 nmethod 13839 0x0000000004e75490 code [0x0000000004e755e0, 0x0000000004e75730]
Event: 271.874 Thread 0x0000000017639000 13840       2       com.android.tools.r8.code.S0::a (1 bytes)
Event: 271.874 Thread 0x0000000017639000 nmethod 13840 0x0000000004e75150 code [0x0000000004e752a0, 0x0000000004e753f0]
Event: 271.877 Thread 0x0000000017639000 13841       2       com.android.tools.r8.code.S::a (1 bytes)

GC Heap History (10 events):
Event: 24.571 GC heap before
{Heap before GC invocations=15 (full 3):
 PSYoungGen      total 192512K, used 177152K [0x00000000d5580000, 0x00000000e6e00000, 0x0000000100000000)
  eden space 177152K, 100% used [0x00000000d5580000,0x00000000e0280000,0x00000000e0280000)
  from space 15360K, 0% used [0x00000000e0280000,0x00000000e0280000,0x00000000e1180000)
  to   space 20992K, 0% used [0x00000000e5980000,0x00000000e5980000,0x00000000e6e00000)
 ParOldGen       total 103424K, used 36520K [0x0000000080000000, 0x0000000086500000, 0x00000000d5580000)
  object space 103424K, 35% used [0x0000000080000000,0x00000000823aa3a0,0x0000000086500000)
 Metaspace       used 61606K, capacity 64390K, committed 64680K, reserved 1105920K
  class space    used 8476K, capacity 9042K, committed 9136K, reserved 1048576K
Event: 24.611 GC heap after
Heap after GC invocations=15 (full 3):
 PSYoungGen      total 246784K, used 15061K [0x00000000d5580000, 0x00000000e6880000, 0x0000000100000000)
  eden space 231424K, 0% used [0x00000000d5580000,0x00000000d5580000,0x00000000e3780000)
  from space 15360K, 98% used [0x00000000e5980000,0x00000000e68355d8,0x00000000e6880000)
  to   space 22016K, 0% used [0x00000000e3d80000,0x00000000e3d80000,0x00000000e5300000)
 ParOldGen       total 103424K, used 36528K [0x0000000080000000, 0x0000000086500000, 0x00000000d5580000)
  object space 103424K, 35% used [0x0000000080000000,0x00000000823ac3a0,0x0000000086500000)
 Metaspace       used 61606K, capacity 64390K, committed 64680K, reserved 1105920K
  class space    used 8476K, capacity 9042K, committed 9136K, reserved 1048576K
}
Event: 101.462 GC heap before
{Heap before GC invocations=16 (full 3):
 PSYoungGen      total 246784K, used 246485K [0x00000000d5580000, 0x00000000e6880000, 0x0000000100000000)
  eden space 231424K, 100% used [0x00000000d5580000,0x00000000e3780000,0x00000000e3780000)
  from space 15360K, 98% used [0x00000000e5980000,0x00000000e68355d8,0x00000000e6880000)
  to   space 22016K, 0% used [0x00000000e3d80000,0x00000000e3d80000,0x00000000e5300000)
 ParOldGen       total 103424K, used 36528K [0x0000000080000000, 0x0000000086500000, 0x00000000d5580000)
  object space 103424K, 35% used [0x0000000080000000,0x00000000823ac3a0,0x0000000086500000)
 Metaspace       used 72088K, capacity 75374K, committed 75432K, reserved 1114112K
  class space    used 9733K, capacity 10410K, committed 10416K, reserved 1048576K
Event: 101.530 GC heap after
Heap after GC invocations=16 (full 3):
 PSYoungGen      total 259584K, used 22007K [0x00000000d5580000, 0x00000000eaf80000, 0x0000000100000000)
  eden space 237568K, 0% used [0x00000000d5580000,0x00000000d5580000,0x00000000e3d80000)
  from space 22016K, 99% used [0x00000000e3d80000,0x00000000e52fdd88,0x00000000e5300000)
  to   space 30720K, 0% used [0x00000000e9180000,0x00000000e9180000,0x00000000eaf80000)
 ParOldGen       total 103424K, used 51264K [0x0000000080000000, 0x0000000086500000, 0x00000000d5580000)
  object space 103424K, 49% used [0x0000000080000000,0x0000000083210358,0x0000000086500000)
 Metaspace       used 72088K, capacity 75374K, committed 75432K, reserved 1114112K
  class space    used 9733K, capacity 10410K, committed 10416K, reserved 1048576K
}
Event: 264.865 GC heap before
{Heap before GC invocations=17 (full 3):
 PSYoungGen      total 259584K, used 259575K [0x00000000d5580000, 0x00000000eaf80000, 0x0000000100000000)
  eden space 237568K, 100% used [0x00000000d5580000,0x00000000e3d80000,0x00000000e3d80000)
  from space 22016K, 99% used [0x00000000e3d80000,0x00000000e52fdd88,0x00000000e5300000)
  to   space 30720K, 0% used [0x00000000e9180000,0x00000000e9180000,0x00000000eaf80000)
 ParOldGen       total 103424K, used 51264K [0x0000000080000000, 0x0000000086500000, 0x00000000d5580000)
  object space 103424K, 49% used [0x0000000080000000,0x0000000083210358,0x0000000086500000)
 Metaspace       used 79369K, capacity 82988K, committed 83240K, reserved 1122304K
  class space    used 10535K, capacity 11269K, committed 11312K, reserved 1048576K
Event: 264.941 GC heap after
Heap after GC invocations=17 (full 3):
 PSYoungGen      total 318464K, used 16914K [0x00000000d5580000, 0x00000000eac80000, 0x0000000100000000)
  eden space 290816K, 0% used [0x00000000d5580000,0x00000000d5580000,0x00000000e7180000)
  from space 27648K, 61% used [0x00000000e9180000,0x00000000ea204a10,0x00000000eac80000)
  to   space 30208K, 0% used [0x00000000e7180000,0x00000000e7180000,0x00000000e8f00000)
 ParOldGen       total 103424K, used 57324K [0x0000000080000000, 0x0000000086500000, 0x00000000d5580000)
  object space 103424K, 55% used [0x0000000080000000,0x00000000837fb3d8,0x0000000086500000)
 Metaspace       used 79369K, capacity 82988K, committed 83240K, reserved 1122304K
  class space    used 10535K, capacity 11269K, committed 11312K, reserved 1048576K
}
Event: 269.291 GC heap before
{Heap before GC invocations=18 (full 3):
 PSYoungGen      total 318464K, used 307730K [0x00000000d5580000, 0x00000000eac80000, 0x0000000100000000)
  eden space 290816K, 100% used [0x00000000d5580000,0x00000000e7180000,0x00000000e7180000)
  from space 27648K, 61% used [0x00000000e9180000,0x00000000ea204a10,0x00000000eac80000)
  to   space 30208K, 0% used [0x00000000e7180000,0x00000000e7180000,0x00000000e8f00000)
 ParOldGen       total 103424K, used 57324K [0x0000000080000000, 0x0000000086500000, 0x00000000d5580000)
  object space 103424K, 55% used [0x0000000080000000,0x00000000837fb3d8,0x0000000086500000)
 Metaspace       used 88416K, capacity 92982K, committed 93224K, reserved 1130496K
  class space    used 11923K, capacity 12820K, committed 12848K, reserved 1048576K
Event: 269.416 GC heap after
Heap after GC invocations=18 (full 3):
 PSYoungGen      total 321024K, used 30199K [0x00000000d5580000, 0x00000000f1980000, 0x0000000100000000)
  eden space 290816K, 0% used [0x00000000d5580000,0x00000000d5580000,0x00000000e7180000)
  from space 30208K, 99% used [0x00000000e7180000,0x00000000e8efdea0,0x00000000e8f00000)
  to   space 50176K, 0% used [0x00000000ee880000,0x00000000ee880000,0x00000000f1980000)
 ParOldGen       total 103424K, used 97521K [0x0000000080000000, 0x0000000086500000, 0x00000000d5580000)
  object space 103424K, 94% used [0x0000000080000000,0x0000000085f3c490,0x0000000086500000)
 Metaspace       used 88416K, capacity 92982K, committed 93224K, reserved 1130496K
  class space    used 11923K, capacity 12820K, committed 12848K, reserved 1048576K
}
Event: 269.416 GC heap before
{Heap before GC invocations=19 (full 4):
 PSYoungGen      total 321024K, used 30199K [0x00000000d5580000, 0x00000000f1980000, 0x0000000100000000)
  eden space 290816K, 0% used [0x00000000d5580000,0x00000000d5580000,0x00000000e7180000)
  from space 30208K, 99% used [0x00000000e7180000,0x00000000e8efdea0,0x00000000e8f00000)
  to   space 50176K, 0% used [0x00000000ee880000,0x00000000ee880000,0x00000000f1980000)
 ParOldGen       total 103424K, used 97521K [0x0000000080000000, 0x0000000086500000, 0x00000000d5580000)
  object space 103424K, 94% used [0x0000000080000000,0x0000000085f3c490,0x0000000086500000)
 Metaspace       used 88416K, capacity 92982K, committed 93224K, reserved 1130496K
  class space    used 11923K, capacity 12820K, committed 12848K, reserved 1048576K
Event: 270.176 GC heap after
Heap after GC invocations=19 (full 4):
 PSYoungGen      total 321024K, used 4055K [0x00000000d5580000, 0x00000000f1980000, 0x0000000100000000)
  eden space 290816K, 0% used [0x00000000d5580000,0x00000000d5580000,0x00000000e7180000)
  from space 30208K, 13% used [0x00000000e7180000,0x00000000e7575c80,0x00000000e8f00000)
  to   space 50176K, 0% used [0x00000000ee880000,0x00000000ee880000,0x00000000f1980000)
 ParOldGen       total 103424K, used 103384K [0x0000000080000000, 0x0000000086500000, 0x00000000d5580000)
  object space 103424K, 99% used [0x0000000080000000,0x00000000864f6088,0x0000000086500000)
 Metaspace       used 88262K, capacity 92536K, committed 93224K, reserved 1130496K
  class space    used 11872K, capacity 12729K, committed 12848K, reserved 1048576K
}

Deoptimization events (10 events):
Event: 268.469 Thread 0x000000001ec65000 Uncommon trap: reason=array_check action=maybe_recompile pc=0x00000000047d1bcc method=java.util.TimSort.binarySort([Ljava/lang/Object;IIILjava/util/Comparator;)V @ 193
Event: 268.490 Thread 0x000000001ec65000 Uncommon trap: reason=array_check action=maybe_recompile pc=0x00000000047d1c94 method=java.util.TimSort.binarySort([Ljava/lang/Object;IIILjava/util/Comparator;)V @ 183
Event: 268.649 Thread 0x000000001e368800 Uncommon trap: reason=unstable_if action=reinterpret pc=0x0000000003ced2b8 method=com.android.tools.r8.graph.e0.h()Z @ 33
Event: 268.726 Thread 0x000000001e368800 Uncommon trap: reason=unstable_if action=reinterpret pc=0x0000000003cee5ec method=com.android.tools.r8.graph.e0.a([C)I @ 68
Event: 268.910 Thread 0x000000001e368800 Uncommon trap: reason=unstable_if action=reinterpret pc=0x0000000004ce78b0 method=com.android.tools.r8.dex.n.m()V @ 22
Event: 268.911 Thread 0x000000001e368800 Uncommon trap: reason=unstable_if action=reinterpret pc=0x0000000004cf1e54 method=com.android.tools.r8.s.a.b.l.d.a(Ljava/lang/Object;Z)Lcom/android/tools/r8/s/a/b/l/f; @ 15
Event: 268.966 Thread 0x000000001e371000 Uncommon trap: reason=unstable_if action=reinterpret pc=0x00000000047b3a1c method=com.android.tools.r8.graph.e0.c(Lcom/android/tools/r8/graph/e0;)I @ 141
Event: 268.992 Thread 0x000000001e36b000 Uncommon trap: reason=unstable_if action=reinterpret pc=0x0000000002c92970 method=java.util.Arrays.hashCode([Ljava/lang/Object;)I @ 1
Event: 269.217 Thread 0x000000001e374800 Uncommon trap: reason=unstable_if action=reinterpret pc=0x0000000004db6534 method=com.android.tools.r8.dex.n.i()Lcom/android/tools/r8/graph/h0; @ 56
Event: 270.646 Thread 0x000000001e374800 Uncommon trap: reason=unloaded action=reinterpret pc=0x0000000004dddf94 method=com.android.tools.r8.code.u1.a(Ljava/nio/ShortBuffer;IILcom/android/tools/r8/graph/I0;)[Lcom/android/tools/r8/code/t1; @ 3630

Classes redefined (0 events):
No events

Internal exceptions (10 events):
Event: 264.712 Thread 0x000000001e36a000 Exception <a 'sun/nio/fs/WindowsException'> (0x00000000e314e018) thrown at [C:\src\AOSP-openjdk-git\hotspot\src\share\vm\prims\jni.cpp, line 710]
Event: 264.719 Thread 0x000000001e36b000 Exception <a 'java/lang/NoSuchMethodError': java.lang.Object.lambda$static$0(Ljava/lang/String;)Z> (0x00000000e31269f0) thrown at [C:\src\AOSP-openjdk-git\hotspot\src\share\vm\interpreter\linkResolver.cpp, line 620]
Event: 266.042 Thread 0x000000001ec65000 Exception <a 'java/lang/NoSuchMethodError': <clinit>> (0x00000000deeb7a58) thrown at [C:\src\AOSP-openjdk-git\hotspot\src\share\vm\prims\jni.cpp, line 1615]
Event: 266.129 Thread 0x000000001e367000 Exception <a 'sun/nio/fs/WindowsException'> (0x00000000df3d8fe8) thrown at [C:\src\AOSP-openjdk-git\hotspot\src\share\vm\prims\jni.cpp, line 710]
Event: 266.888 Thread 0x000000001e367000 Exception <a 'java/lang/NoSuchMethodError': java.lang.Object.lambda$maxBy$1(Ljava/util/Comparator;Ljava/lang/Object;Ljava/lang/Object;)Ljava/lang/Object;> (0x00000000e04d9a10) thrown at [C:\src\AOSP-openjdk-git\hotspot\src\share\vm\interpreter\linkResolve
Event: 268.107 Thread 0x000000001e367000 Exception <a 'sun/nio/fs/WindowsException'> (0x00000000e221a370) thrown at [C:\src\AOSP-openjdk-git\hotspot\src\share\vm\prims\jni.cpp, line 710]
Event: 268.111 Thread 0x000000001e367000 Exception <a 'sun/nio/fs/WindowsException'> (0x00000000e22214d8) thrown at [C:\src\AOSP-openjdk-git\hotspot\src\share\vm\prims\jni.cpp, line 710]
Event: 268.490 Thread 0x000000001ec65000 Exception <a 'java/lang/NoSuchMethodError': <clinit>> (0x00000000e319eda8) thrown at [C:\src\AOSP-openjdk-git\hotspot\src\share\vm\prims\jni.cpp, line 1615]
Event: 268.625 Thread 0x000000001e368800 Exception <a 'sun/nio/fs/WindowsException'> (0x00000000e3a4aa60) thrown at [C:\src\AOSP-openjdk-git\hotspot\src\share\vm\prims\jni.cpp, line 710]
Event: 268.992 Thread 0x000000001e36b000 Implicit null exception at 0x0000000002c9286f to 0x0000000002c92961

Events (10 events):
Event: 271.364 Thread 0x000000001e371000 DEOPT UNPACKING pc=0x0000000002a471d0 sp=0x00000000274de8f0 mode 0
Event: 271.562 Executing VM operation: BulkRevokeBias
Event: 271.563 Executing VM operation: BulkRevokeBias done
Event: 271.565 loading class com/android/tools/r8/naming/b
Event: 271.565 loading class com/android/tools/r8/naming/b done
Event: 271.566 loading class com/android/tools/r8/graph/b0
Event: 271.566 loading class com/android/tools/r8/graph/b0 done
Event: 271.770 Executing VM operation: RevokeBias
Event: 271.771 Executing VM operation: RevokeBias done
Event: 271.771 Thread 0x000000001e36a000 Thread exited: 0x000000001e36a000


Dynamic libraries:
0x00007ff6ff850000 - 0x00007ff6ff881000 	C:\Android\Android_studio\jre\bin\java.exe
0x00007ffa65f50000 - 0x00007ffa66145000 	C:\WINDOWS\SYSTEM32\ntdll.dll
0x00007ffa65240000 - 0x00007ffa652fd000 	C:\WINDOWS\System32\KERNEL32.DLL
0x00007ffa636e0000 - 0x00007ffa639a7000 	C:\WINDOWS\System32\KERNELBASE.dll
0x00007ffa646f0000 - 0x00007ffa6479a000 	C:\WINDOWS\System32\ADVAPI32.dll
0x00007ffa64820000 - 0x00007ffa648be000 	C:\WINDOWS\System32\msvcrt.dll
0x00007ffa63f80000 - 0x00007ffa6401b000 	C:\WINDOWS\System32\sechost.dll
0x00007ffa645c0000 - 0x00007ffa646e4000 	C:\WINDOWS\System32\RPCRT4.dll
0x00007ffa65540000 - 0x00007ffa656e0000 	C:\WINDOWS\System32\USER32.dll
0x00007ffa63f00000 - 0x00007ffa63f22000 	C:\WINDOWS\System32\win32u.dll
0x00007ffa641f0000 - 0x00007ffa6421a000 	C:\WINDOWS\System32\GDI32.dll
0x00007ffa63df0000 - 0x00007ffa63ef9000 	C:\WINDOWS\System32\gdi32full.dll
0x00007ffa63a10000 - 0x00007ffa63aad000 	C:\WINDOWS\System32\msvcp_win.dll
0x00007ffa63b90000 - 0x00007ffa63c90000 	C:\WINDOWS\System32\ucrtbase.dll
0x00007ffa50080000 - 0x00007ffa5031b000 	C:\WINDOWS\WinSxS\amd64_microsoft.windows.common-controls_6595b64144ccf1df_6.0.19041.488_none_ca04af081b815d21\COMCTL32.dll
0x00007ffa64530000 - 0x00007ffa64560000 	C:\WINDOWS\System32\IMM32.DLL
0x0000000051ae0000 - 0x0000000051bb2000 	C:\Android\Android_studio\jre\jre\bin\msvcr100.dll
0x0000000050cb0000 - 0x00000000514fb000 	C:\Android\Android_studio\jre\jre\bin\server\jvm.dll
0x00007ffa64520000 - 0x00007ffa64528000 	C:\WINDOWS\System32\PSAPI.DLL
0x00007ffa5c5e0000 - 0x00007ffa5c5ea000 	C:\WINDOWS\SYSTEM32\VERSION.dll
0x00007ffa4b230000 - 0x00007ffa4b239000 	C:\WINDOWS\SYSTEM32\WSOCK32.dll
0x00007ffa551a0000 - 0x00007ffa551c7000 	C:\WINDOWS\SYSTEM32\WINMM.dll
0x00007ffa654d0000 - 0x00007ffa6553b000 	C:\WINDOWS\System32\WS2_32.dll
0x00007ffa5e3f0000 - 0x00007ffa5e3ff000 	C:\Android\Android_studio\jre\jre\bin\verify.dll
0x00007ffa54ee0000 - 0x00007ffa54f09000 	C:\Android\Android_studio\jre\jre\bin\java.dll
0x00007ffa5d2d0000 - 0x00007ffa5d2e6000 	C:\Android\Android_studio\jre\jre\bin\zip.dll
0x00007ffa656e0000 - 0x00007ffa65e21000 	C:\WINDOWS\System32\SHELL32.dll
0x00007ffa617c0000 - 0x00007ffa61f53000 	C:\WINDOWS\SYSTEM32\windows.storage.dll
0x00007ffa64930000 - 0x00007ffa64c85000 	C:\WINDOWS\System32\combase.dll
0x00007ffa630d0000 - 0x00007ffa630fc000 	C:\WINDOWS\SYSTEM32\Wldp.dll
0x00007ffa64220000 - 0x00007ffa642ce000 	C:\WINDOWS\System32\SHCORE.dll
0x00007ffa644c0000 - 0x00007ffa64515000 	C:\WINDOWS\System32\shlwapi.dll
0x00007ffa63590000 - 0x00007ffa635b6000 	C:\WINDOWS\SYSTEM32\profapi.dll
0x00007ffa5d1f0000 - 0x00007ffa5d20a000 	C:\Android\Android_studio\jre\jre\bin\net.dll
0x00007ffa62e50000 - 0x00007ffa62eba000 	C:\WINDOWS\system32\mswsock.dll
0x00007ffa54cc0000 - 0x00007ffa54cd3000 	C:\Android\Android_studio\jre\jre\bin\nio.dll
0x00007ffa5e5f0000 - 0x00007ffa5e616000 	C:\Users\acer\.gradle\native\31\windows-amd64\native-platform.dll
0x00007ffa5e0d0000 - 0x00007ffa5e0dd000 	C:\Android\Android_studio\jre\jre\bin\management.dll
0x00007ffa63030000 - 0x00007ffa63048000 	C:\WINDOWS\SYSTEM32\CRYPTSP.dll
0x00007ffa62770000 - 0x00007ffa627a4000 	C:\WINDOWS\system32\rsaenh.dll
0x00007ffa63ab0000 - 0x00007ffa63ad7000 	C:\WINDOWS\System32\bcrypt.dll
0x00007ffa63510000 - 0x00007ffa6353e000 	C:\WINDOWS\SYSTEM32\USERENV.dll
0x00007ffa63660000 - 0x00007ffa636df000 	C:\WINDOWS\System32\bcryptprimitives.dll
0x00007ffa63020000 - 0x00007ffa6302c000 	C:\WINDOWS\SYSTEM32\CRYPTBASE.dll
0x00007ffa62af0000 - 0x00007ffa62b2b000 	C:\WINDOWS\SYSTEM32\IPHLPAPI.DLL
0x00007ffa64c90000 - 0x00007ffa64c99000 	C:\WINDOWS\System32\NSI.dll
0x00007ffa57040000 - 0x00007ffa57057000 	C:\WINDOWS\SYSTEM32\dhcpcsvc6.DLL
0x00007ffa575f0000 - 0x00007ffa5760d000 	C:\WINDOWS\SYSTEM32\dhcpcsvc.DLL
0x00007ffa62b40000 - 0x00007ffa62c0b000 	C:\WINDOWS\SYSTEM32\DNSAPI.dll

VM Arguments:
jvm_args: -Xmx2048m -Dfile.encoding=windows-1251 -Duser.country=RU -Duser.language=ru -Duser.variant 
java_command: org.gradle.launcher.daemon.bootstrap.GradleDaemon 6.1.1
java_class_path (initial): C:\Users\acer\.gradle\wrapper\dists\gradle-6.1.1-all\cfmwm155h49vnt3hynmlrsdst\gradle-6.1.1\lib\gradle-launcher-6.1.1.jar
Launcher Type: SUN_STANDARD

Environment Variables:
JAVA_HOME=C:\Program Files\Java\jdk-14.0.1
PATH=C:\Program Files (x86)\Common Files\Oracle\Java\javapath;C:\Windows\system32;C:\Windows;C:\Windows\System32\Wbem;C:\Windows\System32\WindowsPowerShell\v1.0\;C:\Windows\System32\OpenSSH\;C:\Program Files (x86)\NVIDIA Corporation\PhysX\Common;C:\Program Files\NVIDIA Corporation\NVIDIA NvDLISR;C:\ProgramData\chocolatey\bin;C:\Program Files\Microsoft SQL Server\130\Tools\Binn\;C:\webdrivers;C:\Users\acer\AppData\Local\Programs\Python\Python38-32\Scripts\;C:\Users\acer\AppData\Local\Programs\Python\Python38-32\;C:\Users\acer\AppData\Local\atom\bin;C:\Program Files\JetBrains\PyCharm Community Edition 2020.1.2\bin;C:\Users\acer\AppData\Local\GitHubDesktop\bin;C:\Users\acer\AppData\Local\Programs\Microsoft VS Code\bin;C:\adb;%SystemRoot%\system32;%SystemRoot%;%SystemRoot%\System32\Wbem;%SYSTEMROOT%\System32\WindowsPowerShell\v1.0\;%SYSTEMROOT%\System32\OpenSSH\;C:\Users\acer\AppData\Local\Programs\Python\Python38-32\Scripts\;C:\Users\acer\AppData\Local\Programs\Python\Python38-32\;C:\Users\acer\AppData\Local\atom\bin;C:\Program Files\JetBrains\PyCharm Community Edition 2020.1.2\bin;C:\Users\acer\AppData\Local\GitHubDesktop\bin;C:\Users\acer\AppData\Local\Programs\Microsoft VS Code\bin;C:\Users\acer\AppData\Local\Microsoft\WindowsApps;
USERNAME=acer
OS=Windows_NT
PROCESSOR_IDENTIFIER=Intel64 Family 6 Model 78 Stepping 3, GenuineIntel



---------------  S Y S T E M  ---------------

OS: Windows 10.0 , 64 bit Build 19041 (10.0.19041.292)

CPU:total 4 (initial active 4) (2 cores per cpu, 2 threads per core) family 6 model 78 stepping 3, cmov, cx8, fxsr, mmx, sse, sse2, sse3, ssse3, sse4.1, sse4.2, popcnt, aes, clmul, erms, 3dnowpref, lzcnt, ht, tsc, tscinvbit

Memory: 4k page, physical 8251996k(2184216k free), swap 9071196k(20k free)

vm_info: OpenJDK 64-Bit Server VM (25.242-b01) for windows-amd64 JRE (1.8.0_242-release-1644-b01), built by "builder" with MS VC++ 10.0 (VS2010)

time: Sun Sep 27 23:02:33 2020
timezone: RTZ 2 (зима)
elapsed time: 272 seconds (0d 0h 4m 32s)

